;  LST file generated by mikroListExporter - v.2.0 
; Date/Time: 12.02.2018 23:09:35
;----------------------------------------------

;Address Opcode 	ASM
0x0000	0xF002EFCF  	GOTO        1438
_interrupt:
;enc.c,51 :: 		void interrupt() {
;enc.c,53 :: 		channelB = PORTB.B1;
0x0008	0xB281      	BTFSC       PORTB, 1 
0x000A	0xD002      	BRA         L__interrupt8
0x000C	0x9029      	BCF         _channelB, BitPos(_channelB+0) 
0x000E	0xD001      	BRA         L__interrupt9
L__interrupt8:
0x0010	0x8029      	BSF         _channelB, BitPos(_channelB+0) 
L__interrupt9:
;enc.c,54 :: 		if(channelB == 1){
0x0012	0xA029      	BTFSS       _channelB, BitPos(_channelB+0) 
0x0014	0xD007      	BRA         L_interrupt3
;enc.c,55 :: 		_EncoderTicks--;
0x0016	0x0E01      	MOVLW       1
0x0018	0x5E15      	SUBWF       __EncoderTicks, 1 
0x001A	0x0E00      	MOVLW       0
0x001C	0x5A16      	SUBWFB      __EncoderTicks+1, 1 
0x001E	0x5A17      	SUBWFB      __EncoderTicks+2, 1 
0x0020	0x5A18      	SUBWFB      __EncoderTicks+3, 1 
;enc.c,56 :: 		}
0x0022	0xD006      	BRA         L_interrupt4
L_interrupt3:
;enc.c,59 :: 		_EncoderTicks++;
0x0024	0x0E01      	MOVLW       1
0x0026	0x2615      	ADDWF       __EncoderTicks, 1 
0x0028	0x0E00      	MOVLW       0
0x002A	0x2216      	ADDWFC      __EncoderTicks+1, 1 
0x002C	0x2217      	ADDWFC      __EncoderTicks+2, 1 
0x002E	0x2218      	ADDWFC      __EncoderTicks+3, 1 
;enc.c,60 :: 		}
L_interrupt4:
;enc.c,61 :: 		INTCON.INT0IF = 0;
0x0030	0x92F2      	BCF         INTCON, 1 
;enc.c,62 :: 		}
L_end_interrupt:
L__interrupt7:
0x0032	0x0011      	RETFIE      1
; end of _interrupt
_Div_32x32_U:
;__Lib_Math.c,1162 :: 		
;__Lib_Math.c,1173 :: 		
0x0034	0x6A0B      	CLRF        R11, 0
;__Lib_Math.c,1174 :: 		
0x0036	0x6A0A      	CLRF        R10, 0
;__Lib_Math.c,1175 :: 		
0x0038	0x6A09      	CLRF        R9, 0
;__Lib_Math.c,1176 :: 		
0x003A	0x6A08      	CLRF        R8, 0
;__Lib_Math.c,1178 :: 		
0x003C	0x6A0E      	CLRF        R14, 0
;__Lib_Math.c,1180 :: 		
0x003E	0x3403      	RLCF        R3, 0, 0
;__Lib_Math.c,1181 :: 		
0x0040	0x3608      	RLCF        R8, 1, 0
;__Lib_Math.c,1182 :: 		
0x0042	0x5004      	MOVF        R4, 0, 0
;__Lib_Math.c,1183 :: 		
0x0044	0x5E08      	SUBWF       R8, 1, 0
;__Lib_Math.c,1184 :: 		
0x0046	0x5005      	MOVF        R5, 0, 0
;__Lib_Math.c,1185 :: 		
0x0048	0xA0D8      	BTFSS       STATUS, 0, 0
;__Lib_Math.c,1186 :: 		
0x004A	0x3C05      	INCFSZ      R5, 0, 0
;__Lib_Math.c,1187 :: 		
0x004C	0x5E09      	SUBWF       R9, 1, 0
;__Lib_Math.c,1188 :: 		
0x004E	0x5006      	MOVF        R6, 0, 0
;__Lib_Math.c,1189 :: 		
0x0050	0xA0D8      	BTFSS       STATUS, 0, 0
;__Lib_Math.c,1190 :: 		
0x0052	0x3C06      	INCFSZ      R6, 0, 0
;__Lib_Math.c,1191 :: 		
0x0054	0x5E0A      	SUBWF       R10, 1, 0
;__Lib_Math.c,1192 :: 		
0x0056	0x5007      	MOVF        R7, 0, 0
;__Lib_Math.c,1193 :: 		
0x0058	0xA0D8      	BTFSS       STATUS, 0, 0
;__Lib_Math.c,1194 :: 		
0x005A	0x3C07      	INCFSZ      R7, 0, 0
;__Lib_Math.c,1195 :: 		
0x005C	0x5E0B      	SUBWF       R11, 1, 0
;__Lib_Math.c,1197 :: 		
0x005E	0x6AE8      	CLRF        WREG, 0
;__Lib_Math.c,1198 :: 		
0x0060	0xA0D8      	BTFSS       STATUS, 0, 0
;__Lib_Math.c,1199 :: 		
0x0062	0x0E01      	MOVLW       1
;__Lib_Math.c,1200 :: 		
0x0064	0x5E0E      	SUBWF       R14, 1, 0
;__Lib_Math.c,1201 :: 		
0x0066	0x3603      	RLCF        R3, 1, 0
;__Lib_Math.c,1203 :: 		
0x0068	0x0E07      	MOVLW       7
;__Lib_Math.c,1204 :: 		
0x006A	0x6E0C      	MOVWF       R12, 0
;__Lib_Math.c,1206 :: 		
LOOPU3232A:
;__Lib_Math.c,1207 :: 		
0x006C	0x3403      	RLCF        R3, 0, 0
;__Lib_Math.c,1208 :: 		
0x006E	0x3608      	RLCF        R8, 1, 0
;__Lib_Math.c,1209 :: 		
0x0070	0x3609      	RLCF        R9, 1, 0
;__Lib_Math.c,1210 :: 		
0x0072	0x360A      	RLCF        R10, 1, 0
;__Lib_Math.c,1211 :: 		
0x0074	0x360B      	RLCF        R11, 1, 0
;__Lib_Math.c,1212 :: 		
0x0076	0x360E      	RLCF        R14, 1, 0
;__Lib_Math.c,1213 :: 		
0x0078	0x5004      	MOVF        R4, 0, 0
;__Lib_Math.c,1214 :: 		
0x007A	0xA003      	BTFSS       R3, 0, 0
;__Lib_Math.c,1215 :: 		
0x007C	0xD012      	BRA         UADD22LA
;__Lib_Math.c,1217 :: 		
0x007E	0x5E08      	SUBWF       R8, 1, 0
;__Lib_Math.c,1218 :: 		
0x0080	0x5005      	MOVF        R5, 0, 0
;__Lib_Math.c,1219 :: 		
0x0082	0xA0D8      	BTFSS       STATUS, 0, 0
;__Lib_Math.c,1220 :: 		
0x0084	0x3C05      	INCFSZ      R5, 0, 0
;__Lib_Math.c,1221 :: 		
0x0086	0x5E09      	SUBWF       R9, 1, 0
;__Lib_Math.c,1222 :: 		
0x0088	0x5006      	MOVF        R6, 0, 0
;__Lib_Math.c,1223 :: 		
0x008A	0xA0D8      	BTFSS       STATUS, 0, 0
;__Lib_Math.c,1224 :: 		
0x008C	0x3C06      	INCFSZ      R6, 0, 0
;__Lib_Math.c,1225 :: 		
0x008E	0x5E0A      	SUBWF       R10, 1, 0
;__Lib_Math.c,1226 :: 		
0x0090	0x5007      	MOVF        R7, 0, 0
;__Lib_Math.c,1227 :: 		
0x0092	0xA0D8      	BTFSS       STATUS, 0, 0
;__Lib_Math.c,1228 :: 		
0x0094	0x3C07      	INCFSZ      R7, 0, 0
;__Lib_Math.c,1229 :: 		
0x0096	0x5E0B      	SUBWF       R11, 1, 0
;__Lib_Math.c,1230 :: 		
0x0098	0x6AE8      	CLRF        WREG, 0
;__Lib_Math.c,1231 :: 		
0x009A	0xA0D8      	BTFSS       STATUS, 0, 0
;__Lib_Math.c,1232 :: 		
0x009C	0x0E01      	MOVLW       1
;__Lib_Math.c,1233 :: 		
0x009E	0x5E0E      	SUBWF       R14, 1, 0
;__Lib_Math.c,1234 :: 		
0x00A0	0xD011      	BRA         UOK22LA
;__Lib_Math.c,1236 :: 		
UADD22LA:
;__Lib_Math.c,1237 :: 		
0x00A2	0x2608      	ADDWF       R8, 1, 0
;__Lib_Math.c,1238 :: 		
0x00A4	0x5005      	MOVF        R5, 0, 0
;__Lib_Math.c,1239 :: 		
0x00A6	0xB0D8      	BTFSC       STATUS, 0, 0
;__Lib_Math.c,1240 :: 		
0x00A8	0x3C05      	INCFSZ      R5, 0, 0
;__Lib_Math.c,1241 :: 		
0x00AA	0x2609      	ADDWF       R9, 1, 0
;__Lib_Math.c,1242 :: 		
0x00AC	0x5006      	MOVF        R6, 0, 0
;__Lib_Math.c,1243 :: 		
0x00AE	0xB0D8      	BTFSC       STATUS, 0, 0
;__Lib_Math.c,1244 :: 		
0x00B0	0x3C06      	INCFSZ      R6, 0, 0
;__Lib_Math.c,1245 :: 		
0x00B2	0x260A      	ADDWF       R10, 1, 0
;__Lib_Math.c,1246 :: 		
0x00B4	0x5007      	MOVF        R7, 0, 0
;__Lib_Math.c,1247 :: 		
0x00B6	0xB0D8      	BTFSC       STATUS, 0, 0
;__Lib_Math.c,1248 :: 		
0x00B8	0x3C07      	INCFSZ      R7, 0, 0
;__Lib_Math.c,1249 :: 		
0x00BA	0x260B      	ADDWF       R11, 1, 0
;__Lib_Math.c,1250 :: 		
0x00BC	0x6AE8      	CLRF        WREG, 0
;__Lib_Math.c,1251 :: 		
0x00BE	0xB0D8      	BTFSC       STATUS, 0, 0
;__Lib_Math.c,1252 :: 		
0x00C0	0x0E01      	MOVLW       1
;__Lib_Math.c,1253 :: 		
0x00C2	0x260E      	ADDWF       R14, 1, 0
;__Lib_Math.c,1255 :: 		
UOK22LA:
;__Lib_Math.c,1256 :: 		
0x00C4	0x3603      	RLCF        R3, 1, 0
;__Lib_Math.c,1258 :: 		
0x00C6	0x2E0C      	DECFSZ      R12, 1, 0
;__Lib_Math.c,1259 :: 		
0x00C8	0xD7D1      	BRA         LOOPU3232A
;__Lib_Math.c,1261 :: 		
0x00CA	0x3402      	RLCF        R2, 0, 0
;__Lib_Math.c,1262 :: 		
0x00CC	0x3608      	RLCF        R8, 1, 0
;__Lib_Math.c,1263 :: 		
0x00CE	0x3609      	RLCF        R9, 1, 0
;__Lib_Math.c,1264 :: 		
0x00D0	0x360A      	RLCF        R10, 1, 0
;__Lib_Math.c,1265 :: 		
0x00D2	0x360B      	RLCF        R11, 1, 0
;__Lib_Math.c,1266 :: 		
0x00D4	0x360E      	RLCF        R14, 1, 0
;__Lib_Math.c,1267 :: 		
0x00D6	0x5004      	MOVF        R4, 0, 0
;__Lib_Math.c,1268 :: 		
0x00D8	0xA003      	BTFSS       R3, 0, 0
;__Lib_Math.c,1269 :: 		
0x00DA	0xD012      	BRA         UADD22L8
;__Lib_Math.c,1271 :: 		
0x00DC	0x5E08      	SUBWF       R8, 1, 0
;__Lib_Math.c,1272 :: 		
0x00DE	0x5005      	MOVF        R5, 0, 0
;__Lib_Math.c,1273 :: 		
0x00E0	0xA0D8      	BTFSS       STATUS, 0, 0
;__Lib_Math.c,1274 :: 		
0x00E2	0x3C05      	INCFSZ      R5, 0, 0
;__Lib_Math.c,1275 :: 		
0x00E4	0x5E09      	SUBWF       R9, 1, 0
;__Lib_Math.c,1276 :: 		
0x00E6	0x5006      	MOVF        R6, 0, 0
;__Lib_Math.c,1277 :: 		
0x00E8	0xA0D8      	BTFSS       STATUS, 0, 0
;__Lib_Math.c,1278 :: 		
0x00EA	0x3C06      	INCFSZ      R6, 0, 0
;__Lib_Math.c,1279 :: 		
0x00EC	0x5E0A      	SUBWF       R10, 1, 0
;__Lib_Math.c,1280 :: 		
0x00EE	0x5007      	MOVF        R7, 0, 0
;__Lib_Math.c,1281 :: 		
0x00F0	0xA0D8      	BTFSS       STATUS, 0, 0
;__Lib_Math.c,1282 :: 		
0x00F2	0x3C07      	INCFSZ      R7, 0, 0
;__Lib_Math.c,1283 :: 		
0x00F4	0x5E0B      	SUBWF       R11, 1, 0
;__Lib_Math.c,1284 :: 		
0x00F6	0x6AE8      	CLRF        WREG, 0
;__Lib_Math.c,1285 :: 		
0x00F8	0xA0D8      	BTFSS       STATUS, 0, 0
;__Lib_Math.c,1286 :: 		
0x00FA	0x0E01      	MOVLW       1
;__Lib_Math.c,1287 :: 		
0x00FC	0x5E0E      	SUBWF       R14, 1, 0
;__Lib_Math.c,1288 :: 		
0x00FE	0xD011      	BRA         UOK22L8
;__Lib_Math.c,1290 :: 		
UADD22L8:
;__Lib_Math.c,1291 :: 		
0x0100	0x2608      	ADDWF       R8, 1, 0
;__Lib_Math.c,1292 :: 		
0x0102	0x5005      	MOVF        R5, 0, 0
;__Lib_Math.c,1293 :: 		
0x0104	0xB0D8      	BTFSC       STATUS, 0, 0
;__Lib_Math.c,1294 :: 		
0x0106	0x3C05      	INCFSZ      R5, 0, 0
;__Lib_Math.c,1295 :: 		
0x0108	0x2609      	ADDWF       R9, 1, 0
;__Lib_Math.c,1296 :: 		
0x010A	0x5006      	MOVF        R6, 0, 0
;__Lib_Math.c,1297 :: 		
0x010C	0xB0D8      	BTFSC       STATUS, 0, 0
;__Lib_Math.c,1298 :: 		
0x010E	0x3C06      	INCFSZ      R6, 0, 0
;__Lib_Math.c,1299 :: 		
0x0110	0x260A      	ADDWF       R10, 1, 0
;__Lib_Math.c,1300 :: 		
0x0112	0x5007      	MOVF        R7, 0, 0
;__Lib_Math.c,1301 :: 		
0x0114	0xB0D8      	BTFSC       STATUS, 0, 0
;__Lib_Math.c,1302 :: 		
0x0116	0x3C07      	INCFSZ      R7, 0, 0
;__Lib_Math.c,1303 :: 		
0x0118	0x260B      	ADDWF       R11, 1, 0
;__Lib_Math.c,1304 :: 		
0x011A	0x6AE8      	CLRF        WREG, 0
;__Lib_Math.c,1305 :: 		
0x011C	0xB0D8      	BTFSC       STATUS, 0, 0
;__Lib_Math.c,1306 :: 		
0x011E	0x0E01      	MOVLW       1
;__Lib_Math.c,1307 :: 		
0x0120	0x260E      	ADDWF       R14, 1, 0
;__Lib_Math.c,1309 :: 		
UOK22L8:
;__Lib_Math.c,1310 :: 		
0x0122	0x3602      	RLCF        R2, 1, 0
;__Lib_Math.c,1312 :: 		
0x0124	0x0E07      	MOVLW       7
;__Lib_Math.c,1313 :: 		
0x0126	0x6E0C      	MOVWF       R12, 0
;__Lib_Math.c,1315 :: 		
LOOPU3232B:
;__Lib_Math.c,1316 :: 		
0x0128	0x3402      	RLCF        R2, 0, 0
;__Lib_Math.c,1317 :: 		
0x012A	0x3608      	RLCF        R8, 1, 0
;__Lib_Math.c,1318 :: 		
0x012C	0x3609      	RLCF        R9, 1, 0
;__Lib_Math.c,1319 :: 		
0x012E	0x360A      	RLCF        R10, 1, 0
;__Lib_Math.c,1320 :: 		
0x0130	0x360B      	RLCF        R11, 1, 0
;__Lib_Math.c,1321 :: 		
0x0132	0x360E      	RLCF        R14, 1, 0
;__Lib_Math.c,1322 :: 		
0x0134	0x5004      	MOVF        R4, 0, 0
;__Lib_Math.c,1323 :: 		
0x0136	0xA002      	BTFSS       R2, 0, 0
;__Lib_Math.c,1324 :: 		
0x0138	0xD012      	BRA         UADD22LB
;__Lib_Math.c,1326 :: 		
0x013A	0x5E08      	SUBWF       R8, 1, 0
;__Lib_Math.c,1327 :: 		
0x013C	0x5005      	MOVF        R5, 0, 0
;__Lib_Math.c,1328 :: 		
0x013E	0xA0D8      	BTFSS       STATUS, 0, 0
;__Lib_Math.c,1329 :: 		
0x0140	0x3C05      	INCFSZ      R5, 0, 0
;__Lib_Math.c,1330 :: 		
0x0142	0x5E09      	SUBWF       R9, 1, 0
;__Lib_Math.c,1331 :: 		
0x0144	0x5006      	MOVF        R6, 0, 0
;__Lib_Math.c,1332 :: 		
0x0146	0xA0D8      	BTFSS       STATUS, 0, 0
;__Lib_Math.c,1333 :: 		
0x0148	0x3C06      	INCFSZ      R6, 0, 0
;__Lib_Math.c,1334 :: 		
0x014A	0x5E0A      	SUBWF       R10, 1, 0
;__Lib_Math.c,1335 :: 		
0x014C	0x5007      	MOVF        R7, 0, 0
;__Lib_Math.c,1336 :: 		
0x014E	0xA0D8      	BTFSS       STATUS, 0, 0
;__Lib_Math.c,1337 :: 		
0x0150	0x3C07      	INCFSZ      R7, 0, 0
;__Lib_Math.c,1338 :: 		
0x0152	0x5E0B      	SUBWF       R11, 1, 0
;__Lib_Math.c,1339 :: 		
0x0154	0x6AE8      	CLRF        WREG, 0
;__Lib_Math.c,1340 :: 		
0x0156	0xA0D8      	BTFSS       STATUS, 0, 0
;__Lib_Math.c,1341 :: 		
0x0158	0x0E01      	MOVLW       1
;__Lib_Math.c,1342 :: 		
0x015A	0x5E0E      	SUBWF       R14, 1, 0
;__Lib_Math.c,1343 :: 		
0x015C	0xD011      	BRA         UOK22LB
;__Lib_Math.c,1345 :: 		
UADD22LB:
;__Lib_Math.c,1346 :: 		
0x015E	0x2608      	ADDWF       R8, 1, 0
;__Lib_Math.c,1347 :: 		
0x0160	0x5005      	MOVF        R5, 0, 0
;__Lib_Math.c,1348 :: 		
0x0162	0xB0D8      	BTFSC       STATUS, 0, 0
;__Lib_Math.c,1349 :: 		
0x0164	0x3C05      	INCFSZ      R5, 0, 0
;__Lib_Math.c,1350 :: 		
0x0166	0x2609      	ADDWF       R9, 1, 0
;__Lib_Math.c,1351 :: 		
0x0168	0x5006      	MOVF        R6, 0, 0
;__Lib_Math.c,1352 :: 		
0x016A	0xB0D8      	BTFSC       STATUS, 0, 0
;__Lib_Math.c,1353 :: 		
0x016C	0x3C06      	INCFSZ      R6, 0, 0
;__Lib_Math.c,1354 :: 		
0x016E	0x260A      	ADDWF       R10, 1, 0
;__Lib_Math.c,1355 :: 		
0x0170	0x5007      	MOVF        R7, 0, 0
;__Lib_Math.c,1356 :: 		
0x0172	0xB0D8      	BTFSC       STATUS, 0, 0
;__Lib_Math.c,1357 :: 		
0x0174	0x3C07      	INCFSZ      R7, 0, 0
;__Lib_Math.c,1358 :: 		
0x0176	0x260B      	ADDWF       R11, 1, 0
;__Lib_Math.c,1359 :: 		
0x0178	0x6AE8      	CLRF        WREG, 0
;__Lib_Math.c,1360 :: 		
0x017A	0xB0D8      	BTFSC       STATUS, 0, 0
;__Lib_Math.c,1361 :: 		
0x017C	0x0E01      	MOVLW       1
;__Lib_Math.c,1362 :: 		
0x017E	0x260E      	ADDWF       R14, 1, 0
;__Lib_Math.c,1364 :: 		
UOK22LB:
;__Lib_Math.c,1365 :: 		
0x0180	0x3602      	RLCF        R2, 1, 0
;__Lib_Math.c,1367 :: 		
0x0182	0x2E0C      	DECFSZ      R12, 1, 0
;__Lib_Math.c,1368 :: 		
0x0184	0xD7D1      	BRA         LOOPU3232B
;__Lib_Math.c,1370 :: 		
0x0186	0x3401      	RLCF        R1, 0, 0
;__Lib_Math.c,1371 :: 		
0x0188	0x3608      	RLCF        R8, 1, 0
;__Lib_Math.c,1372 :: 		
0x018A	0x3609      	RLCF        R9, 1, 0
;__Lib_Math.c,1373 :: 		
0x018C	0x360A      	RLCF        R10, 1, 0
;__Lib_Math.c,1374 :: 		
0x018E	0x360B      	RLCF        R11, 1, 0
;__Lib_Math.c,1375 :: 		
0x0190	0x360E      	RLCF        R14, 1, 0
;__Lib_Math.c,1376 :: 		
0x0192	0x5004      	MOVF        R4, 0, 0
;__Lib_Math.c,1377 :: 		
0x0194	0xA002      	BTFSS       R2, 0, 0
;__Lib_Math.c,1378 :: 		
0x0196	0xD012      	BRA         UADD22L16
;__Lib_Math.c,1380 :: 		
0x0198	0x5E08      	SUBWF       R8, 1, 0
;__Lib_Math.c,1381 :: 		
0x019A	0x5005      	MOVF        R5, 0, 0
;__Lib_Math.c,1382 :: 		
0x019C	0xA0D8      	BTFSS       STATUS, 0, 0
;__Lib_Math.c,1383 :: 		
0x019E	0x3C05      	INCFSZ      R5, 0, 0
;__Lib_Math.c,1384 :: 		
0x01A0	0x5E09      	SUBWF       R9, 1, 0
;__Lib_Math.c,1385 :: 		
0x01A2	0x5006      	MOVF        R6, 0, 0
;__Lib_Math.c,1386 :: 		
0x01A4	0xA0D8      	BTFSS       STATUS, 0, 0
;__Lib_Math.c,1387 :: 		
0x01A6	0x3C06      	INCFSZ      R6, 0, 0
;__Lib_Math.c,1388 :: 		
0x01A8	0x5E0A      	SUBWF       R10, 1, 0
;__Lib_Math.c,1389 :: 		
0x01AA	0x5007      	MOVF        R7, 0, 0
;__Lib_Math.c,1390 :: 		
0x01AC	0xA0D8      	BTFSS       STATUS, 0, 0
;__Lib_Math.c,1391 :: 		
0x01AE	0x3C07      	INCFSZ      R7, 0, 0
;__Lib_Math.c,1392 :: 		
0x01B0	0x5E0B      	SUBWF       R11, 1, 0
;__Lib_Math.c,1393 :: 		
0x01B2	0x6AE8      	CLRF        WREG, 0
;__Lib_Math.c,1394 :: 		
0x01B4	0xA0D8      	BTFSS       STATUS, 0, 0
;__Lib_Math.c,1395 :: 		
0x01B6	0x0E01      	MOVLW       1
;__Lib_Math.c,1396 :: 		
0x01B8	0x5E0E      	SUBWF       R14, 1, 0
;__Lib_Math.c,1397 :: 		
0x01BA	0xD011      	BRA         UOK22L16
;__Lib_Math.c,1399 :: 		
UADD22L16:
;__Lib_Math.c,1400 :: 		
0x01BC	0x2608      	ADDWF       R8, 1, 0
;__Lib_Math.c,1401 :: 		
0x01BE	0x5005      	MOVF        R5, 0, 0
;__Lib_Math.c,1402 :: 		
0x01C0	0xB0D8      	BTFSC       STATUS, 0, 0
;__Lib_Math.c,1403 :: 		
0x01C2	0x3C05      	INCFSZ      R5, 0, 0
;__Lib_Math.c,1404 :: 		
0x01C4	0x2609      	ADDWF       R9, 1, 0
;__Lib_Math.c,1405 :: 		
0x01C6	0x5006      	MOVF        R6, 0, 0
;__Lib_Math.c,1406 :: 		
0x01C8	0xB0D8      	BTFSC       STATUS, 0, 0
;__Lib_Math.c,1407 :: 		
0x01CA	0x3C06      	INCFSZ      R6, 0, 0
;__Lib_Math.c,1408 :: 		
0x01CC	0x260A      	ADDWF       R10, 1, 0
;__Lib_Math.c,1409 :: 		
0x01CE	0x5007      	MOVF        R7, 0, 0
;__Lib_Math.c,1410 :: 		
0x01D0	0xB0D8      	BTFSC       STATUS, 0, 0
;__Lib_Math.c,1411 :: 		
0x01D2	0x3C07      	INCFSZ      R7, 0, 0
;__Lib_Math.c,1412 :: 		
0x01D4	0x260B      	ADDWF       R11, 1, 0
;__Lib_Math.c,1413 :: 		
0x01D6	0x6AE8      	CLRF        WREG, 0
;__Lib_Math.c,1414 :: 		
0x01D8	0xB0D8      	BTFSC       STATUS, 0, 0
;__Lib_Math.c,1415 :: 		
0x01DA	0x0E01      	MOVLW       1
;__Lib_Math.c,1416 :: 		
0x01DC	0x260E      	ADDWF       R14, 1, 0
;__Lib_Math.c,1418 :: 		
UOK22L16:
;__Lib_Math.c,1419 :: 		
0x01DE	0x3601      	RLCF        R1, 1, 0
;__Lib_Math.c,1421 :: 		
0x01E0	0x0E07      	MOVLW       7
;__Lib_Math.c,1422 :: 		
0x01E2	0x6E0C      	MOVWF       R12, 0
;__Lib_Math.c,1424 :: 		
LOOPU3232C:
;__Lib_Math.c,1425 :: 		
0x01E4	0x3401      	RLCF        R1, 0, 0
;__Lib_Math.c,1426 :: 		
0x01E6	0x3608      	RLCF        R8, 1, 0
;__Lib_Math.c,1427 :: 		
0x01E8	0x3609      	RLCF        R9, 1, 0
;__Lib_Math.c,1428 :: 		
0x01EA	0x360A      	RLCF        R10, 1, 0
;__Lib_Math.c,1429 :: 		
0x01EC	0x360B      	RLCF        R11, 1, 0
;__Lib_Math.c,1430 :: 		
0x01EE	0x360E      	RLCF        R14, 1, 0
;__Lib_Math.c,1431 :: 		
0x01F0	0x5004      	MOVF        R4, 0, 0
;__Lib_Math.c,1432 :: 		
0x01F2	0xA001      	BTFSS       R1, 0, 0
;__Lib_Math.c,1433 :: 		
0x01F4	0xD012      	BRA         UADD22LC
;__Lib_Math.c,1435 :: 		
0x01F6	0x5E08      	SUBWF       R8, 1, 0
;__Lib_Math.c,1436 :: 		
0x01F8	0x5005      	MOVF        R5, 0, 0
;__Lib_Math.c,1437 :: 		
0x01FA	0xA0D8      	BTFSS       STATUS, 0, 0
;__Lib_Math.c,1438 :: 		
0x01FC	0x3C05      	INCFSZ      R5, 0, 0
;__Lib_Math.c,1439 :: 		
0x01FE	0x5E09      	SUBWF       R9, 1, 0
;__Lib_Math.c,1440 :: 		
0x0200	0x5006      	MOVF        R6, 0, 0
;__Lib_Math.c,1441 :: 		
0x0202	0xA0D8      	BTFSS       STATUS, 0, 0
;__Lib_Math.c,1442 :: 		
0x0204	0x3C06      	INCFSZ      R6, 0, 0
;__Lib_Math.c,1443 :: 		
0x0206	0x5E0A      	SUBWF       R10, 1, 0
;__Lib_Math.c,1444 :: 		
0x0208	0x5007      	MOVF        R7, 0, 0
;__Lib_Math.c,1445 :: 		
0x020A	0xA0D8      	BTFSS       STATUS, 0, 0
;__Lib_Math.c,1446 :: 		
0x020C	0x3C07      	INCFSZ      R7, 0, 0
;__Lib_Math.c,1447 :: 		
0x020E	0x5E0B      	SUBWF       R11, 1, 0
;__Lib_Math.c,1448 :: 		
0x0210	0x6AE8      	CLRF        WREG, 0
;__Lib_Math.c,1449 :: 		
0x0212	0xA0D8      	BTFSS       STATUS, 0, 0
;__Lib_Math.c,1450 :: 		
0x0214	0x0E01      	MOVLW       1
;__Lib_Math.c,1451 :: 		
0x0216	0x5E0E      	SUBWF       R14, 1, 0
;__Lib_Math.c,1452 :: 		
0x0218	0xD011      	BRA         UOK22LC
;__Lib_Math.c,1454 :: 		
UADD22LC:
;__Lib_Math.c,1455 :: 		
0x021A	0x2608      	ADDWF       R8, 1, 0
;__Lib_Math.c,1456 :: 		
0x021C	0x5005      	MOVF        R5, 0, 0
;__Lib_Math.c,1457 :: 		
0x021E	0xB0D8      	BTFSC       STATUS, 0, 0
;__Lib_Math.c,1458 :: 		
0x0220	0x3C05      	INCFSZ      R5, 0, 0
;__Lib_Math.c,1459 :: 		
0x0222	0x2609      	ADDWF       R9, 1, 0
;__Lib_Math.c,1460 :: 		
0x0224	0x5006      	MOVF        R6, 0, 0
;__Lib_Math.c,1461 :: 		
0x0226	0xB0D8      	BTFSC       STATUS, 0, 0
;__Lib_Math.c,1462 :: 		
0x0228	0x3C06      	INCFSZ      R6, 0, 0
;__Lib_Math.c,1463 :: 		
0x022A	0x260A      	ADDWF       R10, 1, 0
;__Lib_Math.c,1464 :: 		
0x022C	0x5007      	MOVF        R7, 0, 0
;__Lib_Math.c,1465 :: 		
0x022E	0xB0D8      	BTFSC       STATUS, 0, 0
;__Lib_Math.c,1466 :: 		
0x0230	0x3C07      	INCFSZ      R7, 0, 0
;__Lib_Math.c,1467 :: 		
0x0232	0x260B      	ADDWF       R11, 1, 0
;__Lib_Math.c,1468 :: 		
0x0234	0x6AE8      	CLRF        WREG, 0
;__Lib_Math.c,1469 :: 		
0x0236	0xB0D8      	BTFSC       STATUS, 0, 0
;__Lib_Math.c,1470 :: 		
0x0238	0x0E01      	MOVLW       1
;__Lib_Math.c,1471 :: 		
0x023A	0x260E      	ADDWF       R14, 1, 0
;__Lib_Math.c,1473 :: 		
UOK22LC:
;__Lib_Math.c,1474 :: 		
0x023C	0x3601      	RLCF        R1, 1, 0
;__Lib_Math.c,1476 :: 		
0x023E	0x2E0C      	DECFSZ      R12, 1, 0
;__Lib_Math.c,1477 :: 		
0x0240	0xD7D1      	BRA         LOOPU3232C
;__Lib_Math.c,1479 :: 		
0x0242	0x3400      	RLCF        R0, 0, 0
;__Lib_Math.c,1480 :: 		
0x0244	0x3608      	RLCF        R8, 1, 0
;__Lib_Math.c,1481 :: 		
0x0246	0x3609      	RLCF        R9, 1, 0
;__Lib_Math.c,1482 :: 		
0x0248	0x360A      	RLCF        R10, 1, 0
;__Lib_Math.c,1483 :: 		
0x024A	0x360B      	RLCF        R11, 1, 0
;__Lib_Math.c,1484 :: 		
0x024C	0x360E      	RLCF        R14, 1, 0
;__Lib_Math.c,1485 :: 		
0x024E	0x5004      	MOVF        R4, 0, 0
;__Lib_Math.c,1486 :: 		
0x0250	0xA001      	BTFSS       R1, 0, 0
;__Lib_Math.c,1487 :: 		
0x0252	0xD012      	BRA         UADD22L24
;__Lib_Math.c,1489 :: 		
0x0254	0x5E08      	SUBWF       R8, 1, 0
;__Lib_Math.c,1490 :: 		
0x0256	0x5005      	MOVF        R5, 0, 0
;__Lib_Math.c,1491 :: 		
0x0258	0xA0D8      	BTFSS       STATUS, 0, 0
;__Lib_Math.c,1492 :: 		
0x025A	0x3C05      	INCFSZ      R5, 0, 0
;__Lib_Math.c,1493 :: 		
0x025C	0x5E09      	SUBWF       R9, 1, 0
;__Lib_Math.c,1494 :: 		
0x025E	0x5006      	MOVF        R6, 0, 0
;__Lib_Math.c,1495 :: 		
0x0260	0xA0D8      	BTFSS       STATUS, 0, 0
;__Lib_Math.c,1496 :: 		
0x0262	0x3C06      	INCFSZ      R6, 0, 0
;__Lib_Math.c,1497 :: 		
0x0264	0x5E0A      	SUBWF       R10, 1, 0
;__Lib_Math.c,1498 :: 		
0x0266	0x5007      	MOVF        R7, 0, 0
;__Lib_Math.c,1499 :: 		
0x0268	0xA0D8      	BTFSS       STATUS, 0, 0
;__Lib_Math.c,1500 :: 		
0x026A	0x3C07      	INCFSZ      R7, 0, 0
;__Lib_Math.c,1501 :: 		
0x026C	0x5E0B      	SUBWF       R11, 1, 0
;__Lib_Math.c,1502 :: 		
0x026E	0x6AE8      	CLRF        WREG, 0
;__Lib_Math.c,1503 :: 		
0x0270	0xA0D8      	BTFSS       STATUS, 0, 0
;__Lib_Math.c,1504 :: 		
0x0272	0x0E01      	MOVLW       1
;__Lib_Math.c,1505 :: 		
0x0274	0x5E0E      	SUBWF       R14, 1, 0
;__Lib_Math.c,1506 :: 		
0x0276	0xD011      	BRA         UOK22L24
;__Lib_Math.c,1508 :: 		
UADD22L24:
;__Lib_Math.c,1509 :: 		
0x0278	0x2608      	ADDWF       R8, 1, 0
;__Lib_Math.c,1510 :: 		
0x027A	0x5005      	MOVF        R5, 0, 0
;__Lib_Math.c,1511 :: 		
0x027C	0xB0D8      	BTFSC       STATUS, 0, 0
;__Lib_Math.c,1512 :: 		
0x027E	0x3C05      	INCFSZ      R5, 0, 0
;__Lib_Math.c,1513 :: 		
0x0280	0x2609      	ADDWF       R9, 1, 0
;__Lib_Math.c,1514 :: 		
0x0282	0x5006      	MOVF        R6, 0, 0
;__Lib_Math.c,1515 :: 		
0x0284	0xB0D8      	BTFSC       STATUS, 0, 0
;__Lib_Math.c,1516 :: 		
0x0286	0x3C06      	INCFSZ      R6, 0, 0
;__Lib_Math.c,1517 :: 		
0x0288	0x260A      	ADDWF       R10, 1, 0
;__Lib_Math.c,1518 :: 		
0x028A	0x5007      	MOVF        R7, 0, 0
;__Lib_Math.c,1519 :: 		
0x028C	0xB0D8      	BTFSC       STATUS, 0, 0
;__Lib_Math.c,1520 :: 		
0x028E	0x3C07      	INCFSZ      R7, 0, 0
;__Lib_Math.c,1521 :: 		
0x0290	0x260B      	ADDWF       R11, 1, 0
;__Lib_Math.c,1522 :: 		
0x0292	0x6AE8      	CLRF        WREG, 0
;__Lib_Math.c,1523 :: 		
0x0294	0xB0D8      	BTFSC       STATUS, 0, 0
;__Lib_Math.c,1524 :: 		
0x0296	0x0E01      	MOVLW       1
;__Lib_Math.c,1525 :: 		
0x0298	0x260E      	ADDWF       R14, 1, 0
;__Lib_Math.c,1527 :: 		
UOK22L24:
;__Lib_Math.c,1528 :: 		
0x029A	0x3600      	RLCF        R0, 1, 0
;__Lib_Math.c,1530 :: 		
0x029C	0x0E07      	MOVLW       7
;__Lib_Math.c,1531 :: 		
0x029E	0x6E0C      	MOVWF       R12, 0
;__Lib_Math.c,1533 :: 		
LOOPU3232D:
;__Lib_Math.c,1534 :: 		
0x02A0	0x3400      	RLCF        R0, 0, 0
;__Lib_Math.c,1535 :: 		
0x02A2	0x3608      	RLCF        R8, 1, 0
;__Lib_Math.c,1536 :: 		
0x02A4	0x3609      	RLCF        R9, 1, 0
;__Lib_Math.c,1537 :: 		
0x02A6	0x360A      	RLCF        R10, 1, 0
;__Lib_Math.c,1538 :: 		
0x02A8	0x360B      	RLCF        R11, 1, 0
;__Lib_Math.c,1539 :: 		
0x02AA	0x360E      	RLCF        R14, 1, 0
;__Lib_Math.c,1540 :: 		
0x02AC	0x5004      	MOVF        R4, 0, 0
;__Lib_Math.c,1541 :: 		
0x02AE	0xA000      	BTFSS       R0, 0, 0
;__Lib_Math.c,1542 :: 		
0x02B0	0xD012      	BRA         UADD22LD
;__Lib_Math.c,1544 :: 		
0x02B2	0x5E08      	SUBWF       R8, 1, 0
;__Lib_Math.c,1545 :: 		
0x02B4	0x5005      	MOVF        R5, 0, 0
;__Lib_Math.c,1546 :: 		
0x02B6	0xA0D8      	BTFSS       STATUS, 0, 0
;__Lib_Math.c,1547 :: 		
0x02B8	0x3C05      	INCFSZ      R5, 0, 0
;__Lib_Math.c,1548 :: 		
0x02BA	0x5E09      	SUBWF       R9, 1, 0
;__Lib_Math.c,1549 :: 		
0x02BC	0x5006      	MOVF        R6, 0, 0
;__Lib_Math.c,1550 :: 		
0x02BE	0xA0D8      	BTFSS       STATUS, 0, 0
;__Lib_Math.c,1551 :: 		
0x02C0	0x3C06      	INCFSZ      R6, 0, 0
;__Lib_Math.c,1552 :: 		
0x02C2	0x5E0A      	SUBWF       R10, 1, 0
;__Lib_Math.c,1553 :: 		
0x02C4	0x5007      	MOVF        R7, 0, 0
;__Lib_Math.c,1554 :: 		
0x02C6	0xA0D8      	BTFSS       STATUS, 0, 0
;__Lib_Math.c,1555 :: 		
0x02C8	0x3C07      	INCFSZ      R7, 0, 0
;__Lib_Math.c,1556 :: 		
0x02CA	0x5E0B      	SUBWF       R11, 1, 0
;__Lib_Math.c,1557 :: 		
0x02CC	0x6AE8      	CLRF        WREG, 0
;__Lib_Math.c,1558 :: 		
0x02CE	0xA0D8      	BTFSS       STATUS, 0, 0
;__Lib_Math.c,1559 :: 		
0x02D0	0x0E01      	MOVLW       1
;__Lib_Math.c,1560 :: 		
0x02D2	0x5E0E      	SUBWF       R14, 1, 0
;__Lib_Math.c,1561 :: 		
0x02D4	0xD011      	BRA         UOK22LD
;__Lib_Math.c,1563 :: 		
UADD22LD:
;__Lib_Math.c,1564 :: 		
0x02D6	0x2608      	ADDWF       R8, 1, 0
;__Lib_Math.c,1565 :: 		
0x02D8	0x5005      	MOVF        R5, 0, 0
;__Lib_Math.c,1566 :: 		
0x02DA	0xB0D8      	BTFSC       STATUS, 0, 0
;__Lib_Math.c,1567 :: 		
0x02DC	0x3C05      	INCFSZ      R5, 0, 0
;__Lib_Math.c,1568 :: 		
0x02DE	0x2609      	ADDWF       R9, 1, 0
;__Lib_Math.c,1569 :: 		
0x02E0	0x5006      	MOVF        R6, 0, 0
;__Lib_Math.c,1570 :: 		
0x02E2	0xB0D8      	BTFSC       STATUS, 0, 0
;__Lib_Math.c,1571 :: 		
0x02E4	0x3C06      	INCFSZ      R6, 0, 0
;__Lib_Math.c,1572 :: 		
0x02E6	0x260A      	ADDWF       R10, 1, 0
;__Lib_Math.c,1573 :: 		
0x02E8	0x5007      	MOVF        R7, 0, 0
;__Lib_Math.c,1574 :: 		
0x02EA	0xB0D8      	BTFSC       STATUS, 0, 0
;__Lib_Math.c,1575 :: 		
0x02EC	0x3C07      	INCFSZ      R7, 0, 0
;__Lib_Math.c,1576 :: 		
0x02EE	0x260B      	ADDWF       R11, 1, 0
;__Lib_Math.c,1577 :: 		
0x02F0	0x6AE8      	CLRF        WREG, 0
;__Lib_Math.c,1578 :: 		
0x02F2	0xB0D8      	BTFSC       STATUS, 0, 0
;__Lib_Math.c,1579 :: 		
0x02F4	0x0E01      	MOVLW       1
;__Lib_Math.c,1580 :: 		
0x02F6	0x260E      	ADDWF       R14, 1, 0
;__Lib_Math.c,1582 :: 		
UOK22LD:
;__Lib_Math.c,1583 :: 		
0x02F8	0x3600      	RLCF        R0, 1, 0
;__Lib_Math.c,1585 :: 		
0x02FA	0x2E0C      	DECFSZ      R12, 1, 0
;__Lib_Math.c,1586 :: 		
0x02FC	0xD7D1      	BRA         LOOPU3232D
;__Lib_Math.c,1588 :: 		
0x02FE	0xB000      	BTFSC       R0, 0, 0
;__Lib_Math.c,1589 :: 		
0x0300	0xD00E      	BRA         UOK22L
;__Lib_Math.c,1590 :: 		
0x0302	0x5004      	MOVF        R4, 0, 0
;__Lib_Math.c,1591 :: 		
0x0304	0x2608      	ADDWF       R8, 1, 0
;__Lib_Math.c,1592 :: 		
0x0306	0x5005      	MOVF        R5, 0, 0
;__Lib_Math.c,1593 :: 		
0x0308	0xB0D8      	BTFSC       STATUS, 0, 0
;__Lib_Math.c,1594 :: 		
0x030A	0x3C05      	INCFSZ      R5, 0, 0
;__Lib_Math.c,1595 :: 		
0x030C	0x2609      	ADDWF       R9, 1, 0
;__Lib_Math.c,1596 :: 		
0x030E	0x5006      	MOVF        R6, 0, 0
;__Lib_Math.c,1597 :: 		
0x0310	0xB0D8      	BTFSC       STATUS, 0, 0
;__Lib_Math.c,1598 :: 		
0x0312	0x3C06      	INCFSZ      R6, 0, 0
;__Lib_Math.c,1599 :: 		
0x0314	0x260A      	ADDWF       R10, 1, 0
;__Lib_Math.c,1600 :: 		
0x0316	0x5007      	MOVF        R7, 0, 0
;__Lib_Math.c,1601 :: 		
0x0318	0xB0D8      	BTFSC       STATUS, 0, 0
;__Lib_Math.c,1602 :: 		
0x031A	0x3C07      	INCFSZ      R7, 0, 0
;__Lib_Math.c,1603 :: 		
0x031C	0x260B      	ADDWF       R11, 1, 0
;__Lib_Math.c,1605 :: 		
UOK22L:
;__Lib_Math.c,1607 :: 		
L_end_Div_32x32_U:
0x031E	0x0012      	RETURN      0
; end of _Div_32x32_U
_LongWordToStr:
;__Lib_Conversions.c,258 :: 		
;__Lib_Conversions.c,261 :: 		
0x0320	0x6A54      	CLRF        LongWordToStr_len_L0 
0x0322	0x6A55      	CLRF        LongWordToStr_len_L0+1 
L_LongWordToStr52:
0x0324	0x0E00      	MOVLW       0
0x0326	0x5C55      	SUBWF       LongWordToStr_len_L0+1, 0 
0x0328	0xE102      	BNZ         L__LongWordToStr174
0x032A	0x0E0A      	MOVLW       10
0x032C	0x5C54      	SUBWF       LongWordToStr_len_L0, 0 
L__LongWordToStr174:
0x032E	0xE20B      	BC          L_LongWordToStr53
;__Lib_Conversions.c,262 :: 		
0x0330	0x5054      	MOVF        LongWordToStr_len_L0, 0 
0x0332	0x2452      	ADDWF       FARG_LongWordToStr_output, 0 
0x0334	0x6EE1      	MOVWF       FSR1L 
0x0336	0x5055      	MOVF        LongWordToStr_len_L0+1, 0 
0x0338	0x2053      	ADDWFC      FARG_LongWordToStr_output+1, 0 
0x033A	0x6EE2      	MOVWF       FSR1H 
0x033C	0x0E20      	MOVLW       32
0x033E	0x6EE6      	MOVWF       POSTINC1 
;__Lib_Conversions.c,261 :: 		
0x0340	0x4A54      	INFSNZ      LongWordToStr_len_L0, 1 
0x0342	0x2A55      	INCF        LongWordToStr_len_L0+1, 1 
;__Lib_Conversions.c,262 :: 		
0x0344	0xD7EF      	BRA         L_LongWordToStr52
L_LongWordToStr53:
;__Lib_Conversions.c,263 :: 		
0x0346	0x5054      	MOVF        LongWordToStr_len_L0, 0 
0x0348	0x2452      	ADDWF       FARG_LongWordToStr_output, 0 
0x034A	0x6EE1      	MOVWF       FSR1L 
0x034C	0x5055      	MOVF        LongWordToStr_len_L0+1, 0 
0x034E	0x2053      	ADDWFC      FARG_LongWordToStr_output+1, 0 
0x0350	0x6EE2      	MOVWF       FSR1H 
0x0352	0x6AE6      	CLRF        POSTINC1 
0x0354	0x0E01      	MOVLW       1
0x0356	0x5E54      	SUBWF       LongWordToStr_len_L0, 1 
0x0358	0x0E00      	MOVLW       0
0x035A	0x5A55      	SUBWFB      LongWordToStr_len_L0+1, 1 
;__Lib_Conversions.c,265 :: 		
L_LongWordToStr55:
;__Lib_Conversions.c,266 :: 		
0x035C	0x5054      	MOVF        LongWordToStr_len_L0, 0 
0x035E	0x2452      	ADDWF       FARG_LongWordToStr_output, 0 
0x0360	0x6E56      	MOVWF       FLOC__LongWordToStr 
0x0362	0x5055      	MOVF        LongWordToStr_len_L0+1, 0 
0x0364	0x2053      	ADDWFC      FARG_LongWordToStr_output+1, 0 
0x0366	0x6E57      	MOVWF       FLOC__LongWordToStr+1 
0x0368	0x0E0A      	MOVLW       10
0x036A	0x6E04      	MOVWF       R4 
0x036C	0x0E00      	MOVLW       0
0x036E	0x6E05      	MOVWF       R5 
0x0370	0x6E06      	MOVWF       R6 
0x0372	0x6E07      	MOVWF       R7 
0x0374	0xF000C04E  	MOVFF       FARG_LongWordToStr_input, R0
0x0378	0xF001C04F  	MOVFF       FARG_LongWordToStr_input+1, R1
0x037C	0xF002C050  	MOVFF       FARG_LongWordToStr_input+2, R2
0x0380	0xF003C051  	MOVFF       FARG_LongWordToStr_input+3, R3
0x0384	0xDE57      	RCALL       _Div_32x32_U
0x0386	0xF000C008  	MOVFF       R8, R0
0x038A	0xF001C009  	MOVFF       R9, R1
0x038E	0xF002C00A  	MOVFF       R10, R2
0x0392	0xF003C00B  	MOVFF       R11, R3
0x0396	0x0E30      	MOVLW       48
0x0398	0x2600      	ADDWF       R0, 1 
0x039A	0xFFE1C056  	MOVFF       FLOC__LongWordToStr, FSR1L
0x039E	0xFFE2C057  	MOVFF       FLOC__LongWordToStr+1, FSR1H
0x03A2	0xFFE6C000  	MOVFF       R0, POSTINC1
;__Lib_Conversions.c,267 :: 		
0x03A6	0x0E0A      	MOVLW       10
0x03A8	0x6E04      	MOVWF       R4 
0x03AA	0x0E00      	MOVLW       0
0x03AC	0x6E05      	MOVWF       R5 
0x03AE	0x6E06      	MOVWF       R6 
0x03B0	0x6E07      	MOVWF       R7 
0x03B2	0xF000C04E  	MOVFF       FARG_LongWordToStr_input, R0
0x03B6	0xF001C04F  	MOVFF       FARG_LongWordToStr_input+1, R1
0x03BA	0xF002C050  	MOVFF       FARG_LongWordToStr_input+2, R2
0x03BE	0xF003C051  	MOVFF       FARG_LongWordToStr_input+3, R3
0x03C2	0xDE38      	RCALL       _Div_32x32_U
0x03C4	0xF04EC000  	MOVFF       R0, FARG_LongWordToStr_input
0x03C8	0xF04FC001  	MOVFF       R1, FARG_LongWordToStr_input+1
0x03CC	0xF050C002  	MOVFF       R2, FARG_LongWordToStr_input+2
0x03D0	0xF051C003  	MOVFF       R3, FARG_LongWordToStr_input+3
;__Lib_Conversions.c,268 :: 		
0x03D4	0x0E00      	MOVLW       0
0x03D6	0x6E04      	MOVWF       R4 
0x03D8	0x1803      	XORWF       R3, 0 
0x03DA	0xE108      	BNZ         L__LongWordToStr175
0x03DC	0x5004      	MOVF        R4, 0 
0x03DE	0x1802      	XORWF       R2, 0 
0x03E0	0xE105      	BNZ         L__LongWordToStr175
0x03E2	0x5004      	MOVF        R4, 0 
0x03E4	0x1801      	XORWF       R1, 0 
0x03E6	0xE102      	BNZ         L__LongWordToStr175
0x03E8	0x5000      	MOVF        R0, 0 
0x03EA	0x0A00      	XORLW       0
L__LongWordToStr175:
0x03EC	0xE101      	BNZ         L_LongWordToStr57
;__Lib_Conversions.c,269 :: 		
0x03EE	0xD005      	BRA         L_LongWordToStr56
L_LongWordToStr57:
;__Lib_Conversions.c,270 :: 		
0x03F0	0x0E01      	MOVLW       1
0x03F2	0x5E54      	SUBWF       LongWordToStr_len_L0, 1 
0x03F4	0x0E00      	MOVLW       0
0x03F6	0x5A55      	SUBWFB      LongWordToStr_len_L0+1, 1 
;__Lib_Conversions.c,271 :: 		
0x03F8	0xD7B1      	BRA         L_LongWordToStr55
L_LongWordToStr56:
;__Lib_Conversions.c,272 :: 		
L_end_LongWordToStr:
0x03FA	0x0012      	RETURN      0
; end of _LongWordToStr
_UART1_Write:
;__Lib_UART_c67b67.c,63 :: 		
;__Lib_UART_c67b67.c,64 :: 		
L_UART1_Write3:
0x03FC	0xB2AC      	BTFSC       TXSTA, 1 
0x03FE	0xD002      	BRA         L_UART1_Write4
;__Lib_UART_c67b67.c,65 :: 		
0x0400	0x0000      	NOP
0x0402	0xD7FC      	BRA         L_UART1_Write3
L_UART1_Write4:
;__Lib_UART_c67b67.c,66 :: 		
0x0404	0xFFADC04E  	MOVFF       FARG_UART1_Write_data_, TXREG
;__Lib_UART_c67b67.c,67 :: 		
L_end_UART1_Write:
0x0408	0x0012      	RETURN      0
; end of _UART1_Write
_UART1_Write_Text:
;__Lib_UART_c67b67.c,71 :: 		
;__Lib_UART_c67b67.c,72 :: 		
0x040A	0x6A43      	CLRF        UART1_Write_Text_counter_L0 
;__Lib_UART_c67b67.c,74 :: 		
0x040C	0xFFE9C040  	MOVFF       FARG_UART1_Write_Text_uart_text, FSR0L
0x0410	0xFFEAC041  	MOVFF       FARG_UART1_Write_Text_uart_text+1, FSR0H
0x0414	0xF042CFEE  	MOVFF       POSTINC0, UART1_Write_Text_data__L0
;__Lib_UART_c67b67.c,75 :: 		
L_UART1_Write_Text5:
0x0418	0x5042      	MOVF        UART1_Write_Text_data__L0, 0 
0x041A	0x0A00      	XORLW       0
0x041C	0xE00D      	BZ          L_UART1_Write_Text6
;__Lib_UART_c67b67.c,76 :: 		
0x041E	0xF04EC042  	MOVFF       UART1_Write_Text_data__L0, FARG_UART1_Write_data_
0x0422	0xDFEC      	RCALL       _UART1_Write
;__Lib_UART_c67b67.c,77 :: 		
0x0424	0x2A43      	INCF        UART1_Write_Text_counter_L0, 1 
;__Lib_UART_c67b67.c,78 :: 		
0x0426	0x5043      	MOVF        UART1_Write_Text_counter_L0, 0 
0x0428	0x2440      	ADDWF       FARG_UART1_Write_Text_uart_text, 0 
0x042A	0x6EE9      	MOVWF       FSR0L 
0x042C	0x0E00      	MOVLW       0
0x042E	0x2041      	ADDWFC      FARG_UART1_Write_Text_uart_text+1, 0 
0x0430	0x6EEA      	MOVWF       FSR0H 
0x0432	0xF042CFEE  	MOVFF       POSTINC0, UART1_Write_Text_data__L0
;__Lib_UART_c67b67.c,79 :: 		
0x0436	0xD7F0      	BRA         L_UART1_Write_Text5
L_UART1_Write_Text6:
;__Lib_UART_c67b67.c,80 :: 		
L_end_UART1_Write_Text:
0x0438	0x0012      	RETURN      0
; end of _UART1_Write_Text
___CC2DW:
;__Lib_System.c,21 :: 		
;__Lib_System.c,23 :: 		
_CC2DL_Loop1:
;__Lib_System.c,24 :: 		
0x043A	0x0009      	TBLRD*+
;__Lib_System.c,25 :: 		
0x043C	0xFFE6CFF5  	MOVFF       TABLAT, POSTINC1
;__Lib_System.c,26 :: 		
0x0440	0x0600      	DECF        R0, 1, 0
;__Lib_System.c,27 :: 		
0x0442	0xE1FB      	BNZ         _CC2DL_Loop1
;__Lib_System.c,28 :: 		
0x0444	0x0601      	DECF        R1, 1, 0
;__Lib_System.c,29 :: 		
0x0446	0xE1F9      	BNZ         _CC2DL_Loop1
;__Lib_System.c,31 :: 		
L_end___CC2DW:
0x0448	0x0012      	RETURN      0
; end of ___CC2DW
_UART1_Init:
;__Lib_UART_c67b67.c,20 :: 		
;__Lib_UART_c67b67.c,23 :: 		
0x044A	0x0EFC      	MOVLW       _UART1_Write
0x044C	0x6E21      	MOVWF       _UART_Wr_Ptr 
0x044E	0x0E03      	MOVLW       hi_addr(_UART1_Write)
0x0450	0x6E22      	MOVWF       _UART_Wr_Ptr+1 
0x0452	0x0E4E      	MOVLW       FARG_UART1_Write_data_
0x0454	0x6E23      	MOVWF       _UART_Wr_Ptr+2 
0x0456	0x0E00      	MOVLW       hi_addr(FARG_UART1_Write_data_)
0x0458	0x6E24      	MOVWF       _UART_Wr_Ptr+3 
;__Lib_UART_c67b67.c,24 :: 		
0x045A	0x0EFF      	MOVLW       _UART1_Read
0x045C	0x6E25      	MOVWF       _UART_Rd_Ptr 
0x045E	0x0EFF      	MOVLW       hi_addr(_UART1_Read)
0x0460	0x6E26      	MOVWF       _UART_Rd_Ptr+1 
0x0462	0x0E00      	MOVLW       0
0x0464	0x6E27      	MOVWF       _UART_Rd_Ptr+2 
0x0466	0x0E00      	MOVLW       0
0x0468	0x6E28      	MOVWF       _UART_Rd_Ptr+3 
;__Lib_UART_c67b67.c,25 :: 		
0x046A	0x0EFF      	MOVLW       _UART1_Data_Ready
0x046C	0x6E19      	MOVWF       _UART_Rdy_Ptr 
0x046E	0x0EFF      	MOVLW       hi_addr(_UART1_Data_Ready)
0x0470	0x6E1A      	MOVWF       _UART_Rdy_Ptr+1 
0x0472	0x0E00      	MOVLW       0
0x0474	0x6E1B      	MOVWF       _UART_Rdy_Ptr+2 
0x0476	0x0E00      	MOVLW       0
0x0478	0x6E1C      	MOVWF       _UART_Rdy_Ptr+3 
;__Lib_UART_c67b67.c,26 :: 		
0x047A	0x0EFF      	MOVLW       _UART1_Tx_Idle
0x047C	0x6E1D      	MOVWF       _UART_Tx_Idle_Ptr 
0x047E	0x0EFF      	MOVLW       hi_addr(_UART1_Tx_Idle)
0x0480	0x6E1E      	MOVWF       _UART_Tx_Idle_Ptr+1 
0x0482	0x0E00      	MOVLW       0
0x0484	0x6E1F      	MOVWF       _UART_Tx_Idle_Ptr+2 
0x0486	0x0E00      	MOVLW       0
0x0488	0x6E20      	MOVWF       _UART_Tx_Idle_Ptr+3 
;__Lib_UART_c67b67.c,28 :: 		
0x048A	0x8AAC      	BSF         TXSTA, 5 
;__Lib_UART_c67b67.c,29 :: 		
0x048C	0x0E90      	MOVLW       144
0x048E	0x6EAB      	MOVWF       RCSTA 
;__Lib_UART_c67b67.c,30 :: 		
0x0490	0x8E94      	BSF         TRISC7_bit, BitPos(TRISC7_bit+0) 
;__Lib_UART_c67b67.c,31 :: 		
0x0492	0x9C94      	BCF         TRISC6_bit, BitPos(TRISC6_bit+0) 
;__Lib_UART_c67b67.c,33 :: 		
L_UART1_Init0:
0x0494	0xAA9E      	BTFSS       PIR1, 5 
0x0496	0xD003      	BRA         L_UART1_Init1
;__Lib_UART_c67b67.c,34 :: 		
0x0498	0xF000CFAE  	MOVFF       RCREG, R0
0x049C	0xD7FB      	BRA         L_UART1_Init0
L_UART1_Init1:
;__Lib_UART_c67b67.c,35 :: 		
L_end_UART1_Init:
0x049E	0x0012      	RETURN      0
; end of _UART1_Init
_LongToStr:
;__Lib_Conversions.c,289 :: 		
;__Lib_Conversions.c,295 :: 		
0x04A0	0x6A48      	CLRF        LongToStr_negative_L0 
0x04A2	0x6A49      	CLRF        LongToStr_negative_L0+1 
;__Lib_Conversions.c,296 :: 		
0x04A4	0xF04AC040  	MOVFF       FARG_LongToStr_input, LongToStr_inword_L0
0x04A8	0xF04BC041  	MOVFF       FARG_LongToStr_input+1, LongToStr_inword_L0+1
0x04AC	0xF04CC042  	MOVFF       FARG_LongToStr_input+2, LongToStr_inword_L0+2
0x04B0	0xF04DC043  	MOVFF       FARG_LongToStr_input+3, LongToStr_inword_L0+3
;__Lib_Conversions.c,297 :: 		
0x04B4	0x0E80      	MOVLW       128
0x04B6	0x1843      	XORWF       FARG_LongToStr_input+3, 0 
0x04B8	0x6E00      	MOVWF       R0 
0x04BA	0x0E80      	MOVLW       128
0x04BC	0x5C00      	SUBWF       R0, 0 
0x04BE	0xE108      	BNZ         L__LongToStr179
0x04C0	0x0E00      	MOVLW       0
0x04C2	0x5C42      	SUBWF       FARG_LongToStr_input+2, 0 
0x04C4	0xE105      	BNZ         L__LongToStr179
0x04C6	0x0E00      	MOVLW       0
0x04C8	0x5C41      	SUBWF       FARG_LongToStr_input+1, 0 
0x04CA	0xE102      	BNZ         L__LongToStr179
0x04CC	0x0E00      	MOVLW       0
0x04CE	0x5C40      	SUBWF       FARG_LongToStr_input, 0 
L__LongToStr179:
0x04D0	0xE210      	BC          L_LongToStr63
;__Lib_Conversions.c,298 :: 		
0x04D2	0x0E01      	MOVLW       1
0x04D4	0x6E48      	MOVWF       LongToStr_negative_L0 
0x04D6	0x0E00      	MOVLW       0
0x04D8	0x6E49      	MOVWF       LongToStr_negative_L0+1 
;__Lib_Conversions.c,299 :: 		
0x04DA	0x6A4A      	CLRF        LongToStr_inword_L0 
0x04DC	0x6A4B      	CLRF        LongToStr_inword_L0+1 
0x04DE	0x6A4C      	CLRF        LongToStr_inword_L0+2 
0x04E0	0x6A4D      	CLRF        LongToStr_inword_L0+3 
0x04E2	0x5040      	MOVF        FARG_LongToStr_input, 0 
0x04E4	0x5E4A      	SUBWF       LongToStr_inword_L0, 1 
0x04E6	0x5041      	MOVF        FARG_LongToStr_input+1, 0 
0x04E8	0x5A4B      	SUBWFB      LongToStr_inword_L0+1, 1 
0x04EA	0x5042      	MOVF        FARG_LongToStr_input+2, 0 
0x04EC	0x5A4C      	SUBWFB      LongToStr_inword_L0+2, 1 
0x04EE	0x5043      	MOVF        FARG_LongToStr_input+3, 0 
0x04F0	0x5A4D      	SUBWFB      LongToStr_inword_L0+3, 1 
;__Lib_Conversions.c,300 :: 		
L_LongToStr63:
;__Lib_Conversions.c,301 :: 		
0x04F2	0xF04EC04A  	MOVFF       LongToStr_inword_L0, FARG_LongWordToStr_input
0x04F6	0xF04FC04B  	MOVFF       LongToStr_inword_L0+1, FARG_LongWordToStr_input+1
0x04FA	0xF050C04C  	MOVFF       LongToStr_inword_L0+2, FARG_LongWordToStr_input+2
0x04FE	0xF051C04D  	MOVFF       LongToStr_inword_L0+3, FARG_LongWordToStr_input+3
0x0502	0xF052C044  	MOVFF       FARG_LongToStr_output, FARG_LongWordToStr_output
0x0506	0xF053C045  	MOVFF       FARG_LongToStr_output+1, FARG_LongWordToStr_output+1
0x050A	0xDF0A      	RCALL       _LongWordToStr
;__Lib_Conversions.c,303 :: 		
0x050C	0x0E0B      	MOVLW       11
0x050E	0x6E46      	MOVWF       LongToStr_i_L0 
0x0510	0x0E00      	MOVLW       0
0x0512	0x6E47      	MOVWF       LongToStr_i_L0+1 
;__Lib_Conversions.c,304 :: 		
L_LongToStr64:
0x0514	0x0E00      	MOVLW       0
0x0516	0x6E00      	MOVWF       R0 
0x0518	0x5047      	MOVF        LongToStr_i_L0+1, 0 
0x051A	0x5C00      	SUBWF       R0, 0 
0x051C	0xE102      	BNZ         L__LongToStr180
0x051E	0x5046      	MOVF        LongToStr_i_L0, 0 
0x0520	0x0800      	SUBLW       0
L__LongToStr180:
0x0522	0xE219      	BC          L_LongToStr65
;__Lib_Conversions.c,305 :: 		
0x0524	0x5046      	MOVF        LongToStr_i_L0, 0 
0x0526	0x2444      	ADDWF       FARG_LongToStr_output, 0 
0x0528	0x6EE1      	MOVWF       FSR1L 
0x052A	0x5047      	MOVF        LongToStr_i_L0+1, 0 
0x052C	0x2045      	ADDWFC      FARG_LongToStr_output+1, 0 
0x052E	0x6EE2      	MOVWF       FSR1H 
0x0530	0x0E01      	MOVLW       1
0x0532	0x5C46      	SUBWF       LongToStr_i_L0, 0 
0x0534	0x6E00      	MOVWF       R0 
0x0536	0x0E00      	MOVLW       0
0x0538	0x5847      	SUBWFB      LongToStr_i_L0+1, 0 
0x053A	0x6E01      	MOVWF       R1 
0x053C	0x5000      	MOVF        R0, 0 
0x053E	0x2444      	ADDWF       FARG_LongToStr_output, 0 
0x0540	0x6EE9      	MOVWF       FSR0L 
0x0542	0x5001      	MOVF        R1, 0 
0x0544	0x2045      	ADDWFC      FARG_LongToStr_output+1, 0 
0x0546	0x6EEA      	MOVWF       FSR0H 
0x0548	0xFFE6CFEE  	MOVFF       POSTINC0, POSTINC1
;__Lib_Conversions.c,306 :: 		
0x054C	0x0E01      	MOVLW       1
0x054E	0x5E46      	SUBWF       LongToStr_i_L0, 1 
0x0550	0x0E00      	MOVLW       0
0x0552	0x5A47      	SUBWFB      LongToStr_i_L0+1, 1 
;__Lib_Conversions.c,307 :: 		
0x0554	0xD7DF      	BRA         L_LongToStr64
L_LongToStr65:
;__Lib_Conversions.c,308 :: 		
0x0556	0xFFE1C044  	MOVFF       FARG_LongToStr_output, FSR1L
0x055A	0xFFE2C045  	MOVFF       FARG_LongToStr_output+1, FSR1H
0x055E	0x0E20      	MOVLW       32
0x0560	0x6EE6      	MOVWF       POSTINC1 
;__Lib_Conversions.c,309 :: 		
0x0562	0x5048      	MOVF        LongToStr_negative_L0, 0 
0x0564	0x1049      	IORWF       LongToStr_negative_L0+1, 0 
0x0566	0xE01A      	BZ          L_LongToStr66
;__Lib_Conversions.c,310 :: 		
0x0568	0x6A46      	CLRF        LongToStr_i_L0 
0x056A	0x6A47      	CLRF        LongToStr_i_L0+1 
;__Lib_Conversions.c,311 :: 		
L_LongToStr67:
0x056C	0x5046      	MOVF        LongToStr_i_L0, 0 
0x056E	0x2444      	ADDWF       FARG_LongToStr_output, 0 
0x0570	0x6EE9      	MOVWF       FSR0L 
0x0572	0x5047      	MOVF        LongToStr_i_L0+1, 0 
0x0574	0x2045      	ADDWFC      FARG_LongToStr_output+1, 0 
0x0576	0x6EEA      	MOVWF       FSR0H 
0x0578	0x50EE      	MOVF        POSTINC0, 0 
0x057A	0x0A20      	XORLW       32
0x057C	0xE103      	BNZ         L_LongToStr68
0x057E	0x4A46      	INFSNZ      LongToStr_i_L0, 1 
0x0580	0x2A47      	INCF        LongToStr_i_L0+1, 1 
0x0582	0xD7F4      	BRA         L_LongToStr67
L_LongToStr68:
;__Lib_Conversions.c,312 :: 		
0x0584	0x0E01      	MOVLW       1
0x0586	0x5E46      	SUBWF       LongToStr_i_L0, 1 
0x0588	0x0E00      	MOVLW       0
0x058A	0x5A47      	SUBWFB      LongToStr_i_L0+1, 1 
;__Lib_Conversions.c,313 :: 		
0x058C	0x5046      	MOVF        LongToStr_i_L0, 0 
0x058E	0x2444      	ADDWF       FARG_LongToStr_output, 0 
0x0590	0x6EE1      	MOVWF       FSR1L 
0x0592	0x5047      	MOVF        LongToStr_i_L0+1, 0 
0x0594	0x2045      	ADDWFC      FARG_LongToStr_output+1, 0 
0x0596	0x6EE2      	MOVWF       FSR1H 
0x0598	0x0E2D      	MOVLW       45
0x059A	0x6EE6      	MOVWF       POSTINC1 
;__Lib_Conversions.c,314 :: 		
L_LongToStr66:
;__Lib_Conversions.c,315 :: 		
L_end_LongToStr:
0x059C	0x0012      	RETURN      0
; end of _LongToStr
_main:
0x059E	0x6A15      	CLRF        __EncoderTicks 
0x05A0	0x6A16      	CLRF        22 
0x05A2	0x6A17      	CLRF        23 
0x05A4	0x6A18      	CLRF        24 
;enc.c,3 :: 		void main() {
;enc.c,5 :: 		TRISA = 0x00;   // output
0x05A6	0x6A92      	CLRF        TRISA 
;enc.c,6 :: 		TRISB = 0xFF;   // input
0x05A8	0x0EFF      	MOVLW       255
0x05AA	0x6E93      	MOVWF       TRISB 
;enc.c,7 :: 		PORTA = 0x00;   // set PORTA to off
0x05AC	0x6A80      	CLRF        PORTA 
;enc.c,9 :: 		ANSELB.B0 = 0; // set B0 as digital
0x05AE	0x010F      	MOVLB       15
0x05B0	0x9139      	BCF         ANSELB, 0, 1
;enc.c,10 :: 		ANSELB.B1 = 0; // set B1 as digital
0x05B2	0x9339      	BCF         ANSELB, 1, 1
;enc.c,11 :: 		TRISB.B0 = 1; // set the RB0 port as input
0x05B4	0x8093      	BSF         TRISB, 0 
;enc.c,12 :: 		TRISB.B1 = 1; // set the RB1 port as input
0x05B6	0x8293      	BSF         TRISB, 1 
;enc.c,13 :: 		INTCON.PEIE = 0;  //
0x05B8	0x9CF2      	BCF         INTCON, 6 
;enc.c,14 :: 		INTCON.GIEL = 0;  // shut down the low priority interrupts..
0x05BA	0x9CF2      	BCF         INTCON, 6 
;enc.c,16 :: 		INTCON.GIE = 1; // enable the global interrupts.
0x05BC	0x8EF2      	BSF         INTCON, 7 
;enc.c,17 :: 		INTCON.GIEH = 1;  //
0x05BE	0x8EF2      	BSF         INTCON, 7 
;enc.c,19 :: 		INTCON.INT0E = 1; // enable the interrupts on INT0 , B0.
0x05C0	0x88F2      	BSF         INTCON, 4 
;enc.c,20 :: 		INTCON.INTEDG0 = 1; // cause a interrupt on rising edge.
0x05C2	0x8CF2      	BSF         INTCON, 6 
;enc.c,21 :: 		INTCON.INT0F = 0; // clear the B0 flag.
0x05C4	0x92F2      	BCF         INTCON, 1 
;enc.c,24 :: 		TXSTA.TXEN = 1; // transmission enabled
0x05C6	0x8AAC      	BSF         TXSTA, 5 
;enc.c,25 :: 		RCSTA.SPEN = 1; // enable serial port
0x05C8	0x8EAB      	BSF         RCSTA, 7 
;enc.c,28 :: 		TXSTA.TX9 = 0;  // 8 bit transmission
0x05CA	0x9CAC      	BCF         TXSTA, 6 
;enc.c,29 :: 		RCSTA.RX9 = 0;  // 8 bit reception
0x05CC	0x9CAB      	BCF         RCSTA, 6 
;enc.c,30 :: 		TXSTA.SYNC = 0; // asynchronous mode
0x05CE	0x98AC      	BCF         TXSTA, 4 
;enc.c,31 :: 		RCSTA.CREN = 1; // enable continuous receive mode
0x05D0	0x88AB      	BSF         RCSTA, 4 
;enc.c,34 :: 		TXSTA.BRGH = 1; // set baud rate generator high
0x05D2	0x84AC      	BSF         TXSTA, 2 
;enc.c,35 :: 		SPBRG = 0b00011001; // set the baud rate to 9600kb, Asynchronous mode BTGH=1
0x05D4	0x0E19      	MOVLW       25
0x05D6	0x6EAF      	MOVWF       SPBRG 
;enc.c,38 :: 		UART1_Init(9600);
0x05D8	0x86B8      	BSF         BAUDCON, 3, 0
0x05DA	0x0E06      	MOVLW       6
0x05DC	0x6EB0      	MOVWF       SPBRGH 
0x05DE	0x0E82      	MOVLW       130
0x05E0	0x6EAF      	MOVWF       SPBRG 
0x05E2	0x84AC      	BSF         TXSTA, 2, 0
0x05E4	0xDF32      	RCALL       _UART1_Init
;enc.c,39 :: 		Delay_ms(100);
0x05E6	0x0E09      	MOVLW       9
0x05E8	0x6E0B      	MOVWF       R11, 0
0x05EA	0x0E1E      	MOVLW       30
0x05EC	0x6E0C      	MOVWF       R12, 0
0x05EE	0x0EE4      	MOVLW       228
0x05F0	0x6E0D      	MOVWF       R13, 0
L_main0:
0x05F2	0x2E0D      	DECFSZ      R13, 1, 0
0x05F4	0xD7FE      	BRA         L_main0
0x05F6	0x2E0C      	DECFSZ      R12, 1, 0
0x05F8	0xD7FC      	BRA         L_main0
0x05FA	0x2E0B      	DECFSZ      R11, 1, 0
0x05FC	0xD7FA      	BRA         L_main0
0x05FE	0x0000      	NOP
;enc.c,43 :: 		while(1)
L_main1:
;enc.c,46 :: 		LongToStr(_EncoderTicks,buf);
0x0600	0xF040C015  	MOVFF       __EncoderTicks, FARG_LongToStr_input
0x0604	0xF041C016  	MOVFF       __EncoderTicks+1, FARG_LongToStr_input+1
0x0608	0xF042C017  	MOVFF       __EncoderTicks+2, FARG_LongToStr_input+2
0x060C	0xF043C018  	MOVFF       __EncoderTicks+3, FARG_LongToStr_input+3
0x0610	0x0E2A      	MOVLW       main_buf_L1
0x0612	0x6E44      	MOVWF       FARG_LongToStr_output 
0x0614	0x0E00      	MOVLW       hi_addr(main_buf_L1)
0x0616	0x6E45      	MOVWF       FARG_LongToStr_output+1 
0x0618	0xDF43      	RCALL       _LongToStr
;enc.c,47 :: 		UART1_Write_Text(buf);
0x061A	0x0E2A      	MOVLW       main_buf_L1
0x061C	0x6E40      	MOVWF       FARG_UART1_Write_Text_uart_text 
0x061E	0x0E00      	MOVLW       hi_addr(main_buf_L1)
0x0620	0x6E41      	MOVWF       FARG_UART1_Write_Text_uart_text+1 
0x0622	0xDEF3      	RCALL       _UART1_Write_Text
;enc.c,48 :: 		UART1_Write('\n');
0x0624	0x0E0A      	MOVLW       10
0x0626	0x6E4E      	MOVWF       FARG_UART1_Write_data_ 
0x0628	0xDEE9      	RCALL       _UART1_Write
;enc.c,49 :: 		}
0x062A	0xD7EA      	BRA         L_main1
;enc.c,50 :: 		}
L_end_main:
0x062C	0xD7FF      	BRA         $+0
; end of _main
Symbol List:
//** Routines locations **
//ADDRESS    SIZE    PROCEDURE
//----------------------------------------------
0x0008      [44]    _interrupt
0x0034     [748]    _Div_32x32_U
0x0320     [220]    _LongWordToStr
0x03FC      [14]    _UART1_Write
0x040A      [48]    _UART1_Write_Text
0x043A      [16]    ___CC2DW
0x044A      [86]    _UART1_Init
0x04A0     [254]    _LongToStr
0x059E     [144]    _main
//** Variables locations ** 
//ADDRESS    SIZE    VARIABLE
//----------------------------------------------
0x0000       [1]    UART2_Init_tmp_L0
0x0000       [1]    __Lib_SoftI2C_PutZerosToLATSda_temp_sda_L0
0x0000       [1]    SPI1_Write_tmp_L0
0x0000       [1]    EEPROM_Write_SaveINTCON_L0
0x0000       [1]    SPI2_Write_tmp_L0
0x0000       [1]    __Lib_SoftI2C_PutZerosToLATScl_temp_scl_L0
0x0000       [1]    UART1_Init_tmp_L0
0x0000       [1]    FLASH_Erase_64_SaveINTCON_L0
0x0000       [1]    R0
0x0001       [1]    UART2_Read___tmp_UART2_Read_L0
0x0001       [1]    ispunct_rslt_L0
0x0001       [1]    FLASH_Erase_Write_64_i_L0
0x0001       [1]    __Lib_PS2_Wait_Falling_nsample_L0
0x0001       [1]    __Lib_TFT_16bit_JPEG_FileRead_i_L0
0x0001       [1]    FLASH_Write_64_i_L0
0x0001       [1]    __Lib_TFT_16bit_JPEG_FileReadBytes_Result_L0
0x0001       [1]    R1
0x0001       [2]    FLASH_Read_N_Bytes_i_L0
0x0001       [1]    UART1_Read___tmp_UART1_Read_L0
0x0001       [1]    __Lib_TFT_JPEG_FileRead_i_L0
0x0001       [1]    __Lib_TFT_JPEG_FileReadBytes_Result_L0
0x0002       [2]    __Lib_FT812_alt_memcpy_dd_L0
0x0002       [2]    memchr_s_L0
0x0002       [2]    strlen_cp_L0
0x0002       [2]    __Lib_FT812_alt_memset_pp_L0
0x0002       [2]    __Lib_FT800_alt_memcpy_dd_L0
0x0002       [2]    memset_pp_L0
0x0002       [2]    memcpy_dd_L0
0x0002       [2]    __Lib_FT810_alt_strlen_cp_L0
0x0002       [2]    __Lib_FT812_alt_strlen_cp_L0
0x0002       [1]    R2
0x0002       [2]    __Lib_FT810_alt_memcpy_dd_L0
0x0002       [1]    FLASH_Erase_Write_64_j_L0
0x0002       [2]    __Lib_FT800_alt_memset_pp_L0
0x0002       [1]    FLASH_Write_64_SaveINTCON_L0
0x0002       [2]    __Lib_FT810_alt_memset_pp_L0
0x0002       [2]    __Lib_FT800_alt_strlen_cp_L0
0x0003       [2]    MM_TotalFreeMemSize_Tot_L0
0x0003       [2]    memmove_tt_L0
0x0003       [2]    Ltrim_original_L0
0x0003       [4]    FT812_Canvas_SurrRect_minX_L0
0x0003       [1]    R3
0x0003       [1]    MM_Init_i_L0
0x0003       [4]    FT800_Canvas_SurrRect_minX_L0
0x0003       [4]    FT810_Canvas_SurrRect_minX_L0
0x0003       [2]    __Lib_MmcFat16_f16_toInt_l_L0
0x0003       [1]    FLASH_Erase_Write_64_SaveINTCON_L0
0x0003       [1]    __Lib_Sprinti_?FLOC____Lib_Sprinti_Do_FillT29
0x0004       [3]    __Lib_FT812_alt_strlen_const_cp_L0
0x0004       [2]    strncpy_cp_L0
0x0004       [2]    strncat_cp_L0
0x0004       [3]    __Lib_FT810_alt_strlen_const_cp_L0
0x0004       [2]    __Lib_MemManager_MM_GetMemAlign_P_L0
0x0004       [2]    frexp_pom_L0
0x0004       [2]    __Lib_FT810_alt_memcpy_ss_L0
0x0004       [2]    __Lib_FT800_alt_memcpy_ss_L0
0x0004       [2]    memcpy_ss_L0
0x0004       [2]    __Lib_FT812_alt_memcpy_ss_L0
0x0004       [2]    strcpy_cp_L0
0x0004       [1]    __Lib_Sprinti_?FLOC____Lib_Sprinti_Do_FillT40
0x0004       [2]    strcat_cp_L0
0x0004       [3]    __Lib_FT800_alt_strlen_const_cp_L0
0x0004       [1]    R4
0x0005       [1]    MM_TotalFreeMemSize_i_L0
0x0005       [2]    LongWordToHex_input_half_L0
0x0005       [1]    R5
0x0005       [2]    memmove_ff_L0
0x0005       [2]    Ltrim_p_L0
0x0005       [2]    LongIntToHex_input_half_L0
0x0005       [1]    __Lib_Sprinti_?FLOC____Lib_Sprinti_Do_FillT54
0x0006       [1]    __Lib_MemManager_MM_GetMemAlign_i_L0
0x0006       [1]    R6
0x0006       [1]    __Lib_Sprinti_?FLOC____Lib_Sprinti_Do_FillT69
0x0007       [4]    FT812_Canvas_SurrRect_minY_L0
0x0007       [1]    __Lib_TFT_JPEG_GenerateHuffmanTables_bLength_L0
0x0007       [1]    R7
0x0007       [4]    FT800_Canvas_SurrRect_minY_L0
0x0007       [4]    FT810_Canvas_SurrRect_minY_L0
0x0007       [1]    __Lib_TFT_16bit_JPEG_GenerateHuffmanTables_bLength_L0
0x0008       [1]    R8
0x0008       [1]    __Lib_TFT_JPEG_GenerateHuffmanTables_bTable_L0
0x0008       [1]    __Lib_TFT_16bit_JPEG_GenerateHuffmanTables_bTable_L0
0x0009       [1]    R9
0x0009       [4]    __Lib_MmcFat16_f16_toLong_l_L0
0x000A       [1]    R10
0x000B       [4]    FT810_Canvas_SurrRect_maxX_L0
0x000B       [4]    FT812_Canvas_SurrRect_maxX_L0
0x000B       [4]    FT800_Canvas_SurrRect_maxX_L0
0x000B       [1]    R11
0x000C       [1]    R12
0x000D       [1]    R13
0x000E       [1]    R14
0x000F       [1]    R15
0x000F       [4]    FT810_Canvas_SurrRect_maxY_L0
0x000F       [4]    FT800_Canvas_SurrRect_maxY_L0
0x000F       [4]    FT812_Canvas_SurrRect_maxY_L0
0x0010       [1]    R16
0x0011       [1]    R17
0x0012       [1]    R18
0x0013       [1]    R19
0x0014       [1]    R20
0x0015       [4]    __EncoderTicks
0x0019       [4]    _UART_Rdy_Ptr
0x001D       [4]    _UART_Tx_Idle_Ptr
0x0021       [4]    _UART_Wr_Ptr
0x0025       [4]    _UART_Rd_Ptr
0x0029       [0]    _channelB
0x002A      [22]    main_buf_L1
0x0040       [4]    FARG_LongToStr_input
0x0040       [2]    FARG_UART1_Write_Text_uart_text
0x0042       [1]    UART1_Write_Text_data__L0
0x0043       [1]    UART1_Write_Text_counter_L0
0x0044       [2]    FARG_LongToStr_output
0x0046       [2]    LongToStr_i_L0
0x0048       [2]    LongToStr_negative_L0
0x004A       [4]    LongToStr_inword_L0
0x004E       [4]    FARG_LongWordToStr_input
0x004E       [1]    FARG_UART1_Write_data_
0x0052       [2]    FARG_LongWordToStr_output
0x0054       [2]    LongWordToStr_len_L0
0x0056       [2]    FLOC__LongWordToStr
0x0F39       [1]    ANSELB
0x0F80       [1]    PORTA
0x0F81       [1]    PORTB
0x0F92       [1]    TRISA
0x0F93       [1]    TRISB
0x0F94       [0]    TRISC7_bit
0x0F94       [0]    TRISC6_bit
0x0F9E       [1]    PIR1
0x0FAB       [1]    RCSTA
0x0FAC       [1]    TXSTA
0x0FAD       [1]    TXREG
0x0FAE       [1]    RCREG
0x0FAF       [1]    SPBRG
0x0FB0       [1]    SPBRGH
0x0FB8       [1]    BAUDCON
0x0FD8       [1]    STATUS
0x0FD9       [1]    FSR2L
0x0FDA       [1]    FSR2H
0x0FDE       [1]    POSTINC2
0x0FE0       [1]    BSR
0x0FE1       [1]    FSR1L
0x0FE2       [1]    FSR1H
0x0FE4       [1]    PREINC1
0x0FE6       [1]    POSTINC1
0x0FE7       [1]    INDF1
0x0FE8       [1]    WREG
0x0FE9       [1]    FSR0L
0x0FEA       [1]    FSR0H
0x0FEE       [1]    POSTINC0
0x0FF2       [1]    INTCON
0x0FF3       [1]    PRODL
0x0FF4       [1]    PRODH
0x0FF5       [1]    TABLAT
0x0FF6       [1]    TBLPTRL
0x0FF7       [1]    TBLPTRH
0x0FF8       [1]    TBLPTRU
